[INFO] JsonPropertiesReader - Loading configuration file...
[INFO] JsonPropertiesReader - Loaded 6 xPath rule sets
[INFO] JsonPropertiesReader - Loading configuration file...
[INFO] JsonPropertiesReader - Loaded 6 xPath rule sets
[INFO] SAXTransformationHandler - START document transformation
[INFO] SAXTransformationHandler - Applying rule [ContentReplaceRule{regex='*', replacement='0'}] to xpath /CATALOG/PLANT/PRICE
[INFO] SAXTransformationHandler - Applying rule [ContentReplaceRule{regex='*', replacement='0'}] to xpath /CATALOG/PLANT/PRICE
[INFO] SAXTransformationHandler - Applying rule [ContentReplaceRule{regex='*', replacement='0'}] to xpath /CATALOG/PLANT/PRICE
[INFO] SAXTransformationHandler - Applying rule [ContentReplaceRule{regex='*', replacement='0'}] to xpath /CATALOG/PLANT/PRICE
[INFO] SAXTransformationHandler - Applying rule [ContentReplaceRule{regex='*', replacement='0'}] to xpath /CATALOG/PLANT/PRICE
[INFO] SAXTransformationHandler - Applying rule [ContentReplaceRule{regex='*', replacement='0'}] to xpath /CATALOG/PLANT/PRICE
[INFO] SAXTransformationHandler - Applying rule [ContentReplaceRule{regex='*', replacement='0'}] to xpath /CATALOG/PLANT/PRICE
[INFO] SAXTransformationHandler - Applying rule [ContentReplaceRule{regex='*', replacement='0'}] to xpath /CATALOG/PLANT/PRICE
[INFO] SAXTransformationHandler - Applying rule [ContentReplaceRule{regex='*', replacement='0'}] to xpath /CATALOG/PLANT/PRICE
[INFO] SAXTransformationHandler - Applying rule [ContentReplaceRule{regex='*', replacement='0'}] to xpath /CATALOG/PLANT/PRICE
[INFO] SAXTransformationHandler - Applying rule [ContentReplaceRule{regex='*', replacement='0'}] to xpath /CATALOG/PLANT/PRICE
[INFO] SAXTransformationHandler - Applying rule [ContentReplaceRule{regex='*', replacement='0'}] to xpath /CATALOG/PLANT/PRICE
[INFO] SAXTransformationHandler - Applying rule [ContentReplaceRule{regex='*', replacement='0'}] to xpath /CATALOG/PLANT/PRICE
[INFO] SAXTransformationHandler - Applying rule [ContentReplaceRule{regex='*', replacement='0'}] to xpath /CATALOG/PLANT/PRICE
[INFO] SAXTransformationHandler - Applying rule [ContentReplaceRule{regex='*', replacement='0'}] to xpath /CATALOG/PLANT/PRICE
[INFO] SAXTransformationHandler - Applying rule [ContentReplaceRule{regex='*', replacement='0'}] to xpath /CATALOG/PLANT/PRICE
[INFO] SAXTransformationHandler - Applying rule [ContentReplaceRule{regex='*', replacement='0'}] to xpath /CATALOG/PLANT/PRICE
[INFO] SAXTransformationHandler - Applying rule [ContentReplaceRule{regex='*', replacement='0'}] to xpath /CATALOG/PLANT/PRICE
[INFO] SAXTransformationHandler - Applying rule [ContentReplaceRule{regex='*', replacement='0'}] to xpath /CATALOG/PLANT/PRICE
[INFO] SAXTransformationHandler - Applying rule [ContentReplaceRule{regex='*', replacement='0'}] to xpath /CATALOG/PLANT/PRICE
[INFO] SAXTransformationHandler - Applying rule [ContentReplaceRule{regex='*', replacement='0'}] to xpath /CATALOG/PLANT/PRICE
[INFO] SAXTransformationHandler - Applying rule [ContentReplaceRule{regex='*', replacement='0'}] to xpath /CATALOG/PLANT/PRICE
[INFO] SAXTransformationHandler - Applying rule [ContentReplaceRule{regex='*', replacement='0'}] to xpath /CATALOG/PLANT/PRICE
[INFO] SAXTransformationHandler - Applying rule [ContentReplaceRule{regex='*', replacement='0'}] to xpath /CATALOG/PLANT/PRICE
[INFO] SAXTransformationHandler - Applying rule [ContentReplaceRule{regex='*', replacement='0'}] to xpath /CATALOG/PLANT/PRICE
[INFO] SAXTransformationHandler - Applying rule [ContentReplaceRule{regex='*', replacement='0'}] to xpath /CATALOG/PLANT/PRICE
[INFO] SAXTransformationHandler - Applying rule [ContentReplaceRule{regex='*', replacement='0'}] to xpath /CATALOG/PLANT/PRICE
[INFO] SAXTransformationHandler - Applying rule [ContentReplaceRule{regex='*', replacement='0'}] to xpath /CATALOG/PLANT/PRICE
[INFO] SAXTransformationHandler - Applying rule [ContentReplaceRule{regex='*', replacement='0'}] to xpath /CATALOG/PLANT/PRICE
[INFO] SAXTransformationHandler - Applying rule [ContentReplaceRule{regex='*', replacement='0'}] to xpath /CATALOG/PLANT/PRICE
[INFO] SAXTransformationHandler - Applying rule [ContentReplaceRule{regex='*', replacement='0'}] to xpath /CATALOG/PLANT/PRICE
[INFO] SAXTransformationHandler - Applying rule [ContentReplaceRule{regex='*', replacement='0'}] to xpath /CATALOG/PLANT/PRICE
[INFO] SAXTransformationHandler - Applying rule [ContentReplaceRule{regex='*', replacement='0'}] to xpath /CATALOG/PLANT/PRICE
[INFO] SAXTransformationHandler - Applying rule [ContentReplaceRule{regex='*', replacement='0'}] to xpath /CATALOG/PLANT/PRICE
[INFO] SAXTransformationHandler - Applying rule [ContentReplaceRule{regex='*', replacement='0'}] to xpath /CATALOG/PLANT/PRICE
[INFO] SAXTransformationHandler - Applying rule [ContentReplaceRule{regex='*', replacement='0'}] to xpath /CATALOG/PLANT/PRICE
[INFO] SAXTransformationHandler - END document transformation
[INFO] SAXTransformationHandler - Applying rule [ContentReplaceRule{regex='*', replacement='0'}] to xpath /
[INFO] SAXTransformationHandler - START document transformation
[INFO] SAXTransformationHandler - END document transformation
[INFO] SAXTransformationHandler - Applying rule [ContentReplaceRule{regex='*', replacement='0'}] to xpath /
